2021-04-29 09:36:20,219 INFO [http-nio-8080-exec-1] c.m.l.LoggerUtil [LoggerUtil.java:20] start record log>>>>>>>>>>>>>>>>>>>>>>>>
businessType:商品******************
subBusinessType:列表******************
description:******************methodName:index******************
args:["zs"]******************
methodName:public com.myself.response.BaseResult com.myself.spring.aop.controller.IndexController.index(java.lang.String)******************
result:{"code":200,"data":"zs","message":"success"}******************
2021-04-29 09:36:25,542 INFO [SpringContextShutdownHook] o.s.s.c.ThreadPoolTaskExecutor [ExecutorConfigurationSupport.java:218] Shutting down ExecutorService 'applicationTaskExecutor'
2021-04-29 10:42:19,623 INFO [main] c.m.s.Application [StartupInfoLogger.java:55] Starting Application using Java 1.8.0_151 on B-T2MGMD6R-0414.local with PID 36019 (/Users/zxl/workspace/work/study/code/landing/spring-boot/target/classes started by zxl in /Users/zxl/workspace/work/study/code/landing)
2021-04-29 10:42:19,632 INFO [main] c.m.s.Application [SpringApplication.java:660] No active profile set, falling back to default profiles: default
2021-04-29 10:42:20,211 INFO [main] c.m.l.LoggerUtil [LoggerUtil.java:20] registry Brother success***************
2021-04-29 10:42:20,668 INFO [main] o.s.b.w.e.t.TomcatWebServer [TomcatWebServer.java:108] Tomcat initialized with port(s): 8080 (http)
2021-04-29 10:42:20,676 INFO [main] o.a.c.h.Http11NioProtocol [DirectJDKLog.java:173] Initializing ProtocolHandler ["http-nio-8080"]
2021-04-29 10:42:20,676 INFO [main] o.a.c.c.StandardService [DirectJDKLog.java:173] Starting service [Tomcat]
2021-04-29 10:42:20,677 INFO [main] o.a.c.c.StandardEngine [DirectJDKLog.java:173] Starting Servlet engine: [Apache Tomcat/9.0.41]
2021-04-29 10:42:20,730 INFO [main] o.a.c.c.C.[.[.[/] [DirectJDKLog.java:173] Initializing Spring embedded WebApplicationContext
2021-04-29 10:42:20,730 INFO [main] o.s.b.w.s.c.ServletWebServerApplicationContext [ServletWebServerApplicationContext.java:289] Root WebApplicationContext: initialization completed in 969 ms
2021-04-29 10:42:20,791 INFO [main] c.m.l.LoggerUtil [LoggerUtil.java:20] init method invoke name:张三 hobby:篮球|足球
2021-04-29 10:42:21,041 INFO [main] o.a.c.h.Http11NioProtocol [DirectJDKLog.java:173] Starting ProtocolHandler ["http-nio-8080"]
2021-04-29 10:42:21,071 INFO [main] o.s.b.w.e.t.TomcatWebServer [TomcatWebServer.java:220] Tomcat started on port(s): 8080 (http) with context path ''
2021-04-29 10:42:21,082 INFO [main] c.m.s.Application [StartupInfoLogger.java:61] Started Application in 2.054 seconds (JVM running for 2.914)
2021-04-29 10:42:21,084 INFO [main] c.m.l.LoggerUtil [LoggerUtil.java:20] com.myself.springboot.bean.Sister@4c447c09
2021-04-29 10:42:59,918 INFO [main] c.m.s.Application [StartupInfoLogger.java:55] Starting Application using Java 1.8.0_151 on B-T2MGMD6R-0414.local with PID 36036 (/Users/zxl/workspace/work/study/code/landing/spring-boot/target/classes started by zxl in /Users/zxl/workspace/work/study/code/landing)
2021-04-29 10:42:59,921 INFO [main] c.m.s.Application [SpringApplication.java:660] No active profile set, falling back to default profiles: default
2021-04-29 10:43:00,378 INFO [main] c.m.l.LoggerUtil [LoggerUtil.java:20] registry Brother success***************
2021-04-29 10:43:00,771 INFO [main] o.s.b.w.e.t.TomcatWebServer [TomcatWebServer.java:108] Tomcat initialized with port(s): 8080 (http)
2021-04-29 10:43:00,780 INFO [main] o.a.c.h.Http11NioProtocol [DirectJDKLog.java:173] Initializing ProtocolHandler ["http-nio-8080"]
2021-04-29 10:43:00,781 INFO [main] o.a.c.c.StandardService [DirectJDKLog.java:173] Starting service [Tomcat]
2021-04-29 10:43:00,781 INFO [main] o.a.c.c.StandardEngine [DirectJDKLog.java:173] Starting Servlet engine: [Apache Tomcat/9.0.41]
2021-04-29 10:43:00,843 INFO [main] o.a.c.c.C.[.[.[/] [DirectJDKLog.java:173] Initializing Spring embedded WebApplicationContext
2021-04-29 10:43:00,843 INFO [main] o.s.b.w.s.c.ServletWebServerApplicationContext [ServletWebServerApplicationContext.java:289] Root WebApplicationContext: initialization completed in 867 ms
2021-04-29 10:43:00,905 INFO [main] c.m.l.LoggerUtil [LoggerUtil.java:20] init method invoke name:张三 hobby:篮球|足球
2021-04-29 10:43:01,133 INFO [main] o.a.c.h.Http11NioProtocol [DirectJDKLog.java:173] Starting ProtocolHandler ["http-nio-8080"]
2021-04-29 10:43:01,160 INFO [main] o.s.b.w.e.t.TomcatWebServer [TomcatWebServer.java:220] Tomcat started on port(s): 8080 (http) with context path ''
2021-04-29 10:43:01,170 INFO [main] c.m.s.Application [StartupInfoLogger.java:61] Started Application in 1.663 seconds (JVM running for 2.51)
2021-04-29 10:44:34,592 INFO [main] c.m.l.LoggerUtil [LoggerUtil.java:20] com.myself.springboot.bean.Sister@14f40030
2021-04-29 10:44:56,679 INFO [main] c.m.s.Application [StartupInfoLogger.java:55] Starting Application using Java 1.8.0_151 on B-T2MGMD6R-0414.local with PID 36076 (/Users/zxl/workspace/work/study/code/landing/spring-boot/target/classes started by zxl in /Users/zxl/workspace/work/study/code/landing)
2021-04-29 10:44:56,682 INFO [main] c.m.s.Application [SpringApplication.java:660] No active profile set, falling back to default profiles: default
2021-04-29 10:44:57,027 INFO [main] c.m.l.LoggerUtil [LoggerUtil.java:20] registry Brother success***************
2021-04-29 10:44:57,415 INFO [main] o.s.b.w.e.t.TomcatWebServer [TomcatWebServer.java:108] Tomcat initialized with port(s): 8080 (http)
2021-04-29 10:44:57,425 INFO [main] o.a.c.h.Http11NioProtocol [DirectJDKLog.java:173] Initializing ProtocolHandler ["http-nio-8080"]
2021-04-29 10:44:57,426 INFO [main] o.a.c.c.StandardService [DirectJDKLog.java:173] Starting service [Tomcat]
2021-04-29 10:44:57,426 INFO [main] o.a.c.c.StandardEngine [DirectJDKLog.java:173] Starting Servlet engine: [Apache Tomcat/9.0.41]
2021-04-29 10:44:57,479 INFO [main] o.a.c.c.C.[.[.[/] [DirectJDKLog.java:173] Initializing Spring embedded WebApplicationContext
2021-04-29 10:44:57,479 INFO [main] o.s.b.w.s.c.ServletWebServerApplicationContext [ServletWebServerApplicationContext.java:289] Root WebApplicationContext: initialization completed in 762 ms
2021-04-29 10:44:57,543 INFO [main] c.m.l.LoggerUtil [LoggerUtil.java:20] init method invoke name:张三 hobby:篮球|足球
2021-04-29 10:44:57,768 INFO [main] o.a.c.h.Http11NioProtocol [DirectJDKLog.java:173] Starting ProtocolHandler ["http-nio-8080"]
2021-04-29 10:44:57,797 INFO [main] o.s.b.w.e.t.TomcatWebServer [TomcatWebServer.java:220] Tomcat started on port(s): 8080 (http) with context path ''
2021-04-29 10:44:57,807 INFO [main] c.m.s.Application [StartupInfoLogger.java:61] Started Application in 1.494 seconds (JVM running for 2.292)
2021-04-29 10:45:10,953 INFO [main] c.m.l.LoggerUtil [LoggerUtil.java:20] com.myself.springboot.bean.Sister@39e69ea7
2021-04-29 10:48:49,935 INFO [main] c.m.s.Application [StartupInfoLogger.java:55] Starting Application using Java 1.8.0_151 on B-T2MGMD6R-0414.local with PID 36166 (/Users/zxl/workspace/work/study/code/landing/spring-boot/target/classes started by zxl in /Users/zxl/workspace/work/study/code/landing)
2021-04-29 10:48:49,939 INFO [main] c.m.s.Application [SpringApplication.java:660] No active profile set, falling back to default profiles: default
2021-04-29 10:48:50,449 INFO [main] c.m.l.LoggerUtil [LoggerUtil.java:20] registry Brother success***************
2021-04-29 10:48:50,932 INFO [main] o.s.b.w.e.t.TomcatWebServer [TomcatWebServer.java:108] Tomcat initialized with port(s): 8080 (http)
2021-04-29 10:48:50,944 INFO [main] o.a.c.h.Http11NioProtocol [DirectJDKLog.java:173] Initializing ProtocolHandler ["http-nio-8080"]
2021-04-29 10:48:50,944 INFO [main] o.a.c.c.StandardService [DirectJDKLog.java:173] Starting service [Tomcat]
2021-04-29 10:48:50,945 INFO [main] o.a.c.c.StandardEngine [DirectJDKLog.java:173] Starting Servlet engine: [Apache Tomcat/9.0.41]
2021-04-29 10:48:51,009 INFO [main] o.a.c.c.C.[.[.[/] [DirectJDKLog.java:173] Initializing Spring embedded WebApplicationContext
2021-04-29 10:48:51,009 INFO [main] o.s.b.w.s.c.ServletWebServerApplicationContext [ServletWebServerApplicationContext.java:289] Root WebApplicationContext: initialization completed in 1012 ms
2021-04-29 10:48:51,066 WARN [main] o.s.b.w.s.c.AnnotationConfigServletWebServerApplicationContext [AbstractApplicationContext.java:596] Exception encountered during context initialization - cancelling refresh attempt: org.springframework.beans.factory.UnsatisfiedDependencyException: Error creating bean with name 'comsumerApplicationRunner' defined in file [/Users/zxl/workspace/work/study/code/landing/spring-boot/target/classes/com/myself/springboot/runner/ComsumerApplicationRunner.class]: Unsatisfied dependency expressed through constructor parameter 0; nested exception is org.springframework.beans.factory.NoUniqueBeanDefinitionException: No qualifying bean of type 'com.myself.springboot.bean.Sister' available: expected single matching bean but found 2: Sister,Sister2
2021-04-29 10:48:51,069 INFO [main] o.a.c.c.StandardService [DirectJDKLog.java:173] Stopping service [Tomcat]
2021-04-29 10:48:51,082 INFO [main] o.s.b.a.l.ConditionEvaluationReportLoggingListener [ConditionEvaluationReportLoggingListener.java:136] 

Error starting ApplicationContext. To display the conditions report re-run your application with 'debug' enabled.
2021-04-29 10:48:51,103 ERROR [main] o.s.b.d.LoggingFailureAnalysisReporter [LoggingFailureAnalysisReporter.java:40] 

***************************
APPLICATION FAILED TO START
***************************

Description:

Parameter 0 of constructor in com.myself.springboot.runner.ComsumerApplicationRunner required a single bean, but 2 were found:
	- Sister: defined by method 'sister' in class path resource [com/myself/springboot/beanconfig/CommonBeanConfig.class]
	- Sister2: defined by method 'sister2' in class path resource [com/myself/springboot/beanconfig/CommonBeanConfig.class]


Action:

Consider marking one of the beans as @Primary, updating the consumer to accept multiple beans, or using @Qualifier to identify the bean that should be consumed

2021-04-29 10:51:44,896 INFO [main] c.m.s.Application [StartupInfoLogger.java:55] Starting Application using Java 1.8.0_151 on B-T2MGMD6R-0414.local with PID 36260 (/Users/zxl/workspace/work/study/code/landing/spring-boot/target/classes started by zxl in /Users/zxl/workspace/work/study/code/landing)
2021-04-29 10:51:44,899 INFO [main] c.m.s.Application [SpringApplication.java:660] No active profile set, falling back to default profiles: default
2021-04-29 10:51:45,276 INFO [main] c.m.l.LoggerUtil [LoggerUtil.java:20] registry Brother success***************
2021-04-29 10:51:45,698 INFO [main] o.s.b.w.e.t.TomcatWebServer [TomcatWebServer.java:108] Tomcat initialized with port(s): 8080 (http)
2021-04-29 10:51:45,707 INFO [main] o.a.c.h.Http11NioProtocol [DirectJDKLog.java:173] Initializing ProtocolHandler ["http-nio-8080"]
2021-04-29 10:51:45,707 INFO [main] o.a.c.c.StandardService [DirectJDKLog.java:173] Starting service [Tomcat]
2021-04-29 10:51:45,707 INFO [main] o.a.c.c.StandardEngine [DirectJDKLog.java:173] Starting Servlet engine: [Apache Tomcat/9.0.41]
2021-04-29 10:51:45,761 INFO [main] o.a.c.c.C.[.[.[/] [DirectJDKLog.java:173] Initializing Spring embedded WebApplicationContext
2021-04-29 10:51:45,761 INFO [main] o.s.b.w.s.c.ServletWebServerApplicationContext [ServletWebServerApplicationContext.java:289] Root WebApplicationContext: initialization completed in 820 ms
2021-04-29 10:51:45,803 WARN [main] o.s.b.w.s.c.AnnotationConfigServletWebServerApplicationContext [AbstractApplicationContext.java:596] Exception encountered during context initialization - cancelling refresh attempt: org.springframework.beans.factory.BeanCreationException: Error creating bean with name 'comsumerApplicationRunner': Injection of resource dependencies failed; nested exception is org.springframework.beans.factory.NoUniqueBeanDefinitionException: No qualifying bean of type 'com.myself.springboot.bean.Sister' available: expected single matching bean but found 2: Sister,Sister2
2021-04-29 10:51:45,806 INFO [main] o.a.c.c.StandardService [DirectJDKLog.java:173] Stopping service [Tomcat]
2021-04-29 10:51:45,815 INFO [main] o.s.b.a.l.ConditionEvaluationReportLoggingListener [ConditionEvaluationReportLoggingListener.java:136] 

Error starting ApplicationContext. To display the conditions report re-run your application with 'debug' enabled.
2021-04-29 10:51:45,835 ERROR [main] o.s.b.SpringApplication [SpringApplication.java:856] Application run failed
org.springframework.beans.factory.BeanCreationException: Error creating bean with name 'comsumerApplicationRunner': Injection of resource dependencies failed; nested exception is org.springframework.beans.factory.NoUniqueBeanDefinitionException: No qualifying bean of type 'com.myself.springboot.bean.Sister' available: expected single matching bean but found 2: Sister,Sister2
	at org.springframework.context.annotation.CommonAnnotationBeanPostProcessor.postProcessProperties(CommonAnnotationBeanPostProcessor.java:321)
	at org.springframework.beans.factory.support.AbstractAutowireCapableBeanFactory.populateBean(AbstractAutowireCapableBeanFactory.java:1415)
	at org.springframework.beans.factory.support.AbstractAutowireCapableBeanFactory.doCreateBean(AbstractAutowireCapableBeanFactory.java:608)
	at org.springframework.beans.factory.support.AbstractAutowireCapableBeanFactory.createBean(AbstractAutowireCapableBeanFactory.java:531)
	at org.springframework.beans.factory.support.AbstractBeanFactory.lambda$doGetBean$0(AbstractBeanFactory.java:335)
	at org.springframework.beans.factory.support.DefaultSingletonBeanRegistry.getSingleton(DefaultSingletonBeanRegistry.java:234)
	at org.springframework.beans.factory.support.AbstractBeanFactory.doGetBean(AbstractBeanFactory.java:333)
	at org.springframework.beans.factory.support.AbstractBeanFactory.getBean(AbstractBeanFactory.java:208)
	at org.springframework.beans.factory.support.DefaultListableBeanFactory.preInstantiateSingletons(DefaultListableBeanFactory.java:944)
	at org.springframework.context.support.AbstractApplicationContext.finishBeanFactoryInitialization(AbstractApplicationContext.java:923)
	at org.springframework.context.support.AbstractApplicationContext.refresh(AbstractApplicationContext.java:588)
	at org.springframework.boot.web.servlet.context.ServletWebServerApplicationContext.refresh(ServletWebServerApplicationContext.java:144)
	at org.springframework.boot.SpringApplication.refresh(SpringApplication.java:767)
	at org.springframework.boot.SpringApplication.refresh(SpringApplication.java:759)
	at org.springframework.boot.SpringApplication.refreshContext(SpringApplication.java:426)
	at org.springframework.boot.SpringApplication.run(SpringApplication.java:326)
	at com.myself.springboot.Application.main(Application.java:19)
Caused by: org.springframework.beans.factory.NoUniqueBeanDefinitionException: No qualifying bean of type 'com.myself.springboot.bean.Sister' available: expected single matching bean but found 2: Sister,Sister2
	at org.springframework.beans.factory.config.DependencyDescriptor.resolveNotUnique(DependencyDescriptor.java:220)
	at org.springframework.beans.factory.support.DefaultListableBeanFactory.doResolveDependency(DefaultListableBeanFactory.java:1358)
	at org.springframework.beans.factory.support.DefaultListableBeanFactory.resolveDependency(DefaultListableBeanFactory.java:1300)
	at org.springframework.context.annotation.CommonAnnotationBeanPostProcessor.autowireResource(CommonAnnotationBeanPostProcessor.java:521)
	at org.springframework.context.annotation.CommonAnnotationBeanPostProcessor.getResource(CommonAnnotationBeanPostProcessor.java:497)
	at org.springframework.context.annotation.CommonAnnotationBeanPostProcessor$ResourceElement.getResourceToInject(CommonAnnotationBeanPostProcessor.java:650)
	at org.springframework.beans.factory.annotation.InjectionMetadata$InjectedElement.inject(InjectionMetadata.java:228)
	at org.springframework.beans.factory.annotation.InjectionMetadata.inject(InjectionMetadata.java:119)
	at org.springframework.context.annotation.CommonAnnotationBeanPostProcessor.postProcessProperties(CommonAnnotationBeanPostProcessor.java:318)
	... 16 common frames omitted
2021-04-29 10:52:01,940 INFO [main] c.m.s.Application [StartupInfoLogger.java:55] Starting Application using Java 1.8.0_151 on B-T2MGMD6R-0414.local with PID 36269 (/Users/zxl/workspace/work/study/code/landing/spring-boot/target/classes started by zxl in /Users/zxl/workspace/work/study/code/landing)
2021-04-29 10:52:01,944 INFO [main] c.m.s.Application [SpringApplication.java:660] No active profile set, falling back to default profiles: default
2021-04-29 10:52:02,401 INFO [main] c.m.l.LoggerUtil [LoggerUtil.java:20] registry Brother success***************
2021-04-29 10:52:02,761 INFO [main] o.s.b.w.e.t.TomcatWebServer [TomcatWebServer.java:108] Tomcat initialized with port(s): 8080 (http)
2021-04-29 10:52:02,771 INFO [main] o.a.c.h.Http11NioProtocol [DirectJDKLog.java:173] Initializing ProtocolHandler ["http-nio-8080"]
2021-04-29 10:52:02,772 INFO [main] o.a.c.c.StandardService [DirectJDKLog.java:173] Starting service [Tomcat]
2021-04-29 10:52:02,772 INFO [main] o.a.c.c.StandardEngine [DirectJDKLog.java:173] Starting Servlet engine: [Apache Tomcat/9.0.41]
2021-04-29 10:52:02,830 INFO [main] o.a.c.c.C.[.[.[/] [DirectJDKLog.java:173] Initializing Spring embedded WebApplicationContext
2021-04-29 10:52:02,830 INFO [main] o.s.b.w.s.c.ServletWebServerApplicationContext [ServletWebServerApplicationContext.java:289] Root WebApplicationContext: initialization completed in 833 ms
2021-04-29 10:52:02,897 INFO [main] c.m.l.LoggerUtil [LoggerUtil.java:20] init method invoke name:张三 hobby:篮球|足球
2021-04-29 10:52:03,155 INFO [main] o.a.c.h.Http11NioProtocol [DirectJDKLog.java:173] Starting ProtocolHandler ["http-nio-8080"]
2021-04-29 10:52:03,182 INFO [main] o.s.b.w.e.t.TomcatWebServer [TomcatWebServer.java:220] Tomcat started on port(s): 8080 (http) with context path ''
2021-04-29 10:52:03,192 INFO [main] c.m.s.Application [StartupInfoLogger.java:61] Started Application in 1.699 seconds (JVM running for 2.467)
2021-04-29 10:52:03,194 INFO [main] c.m.l.LoggerUtil [LoggerUtil.java:20] com.myself.springboot.bean.Sister@3a2d3909
2021-04-29 10:53:30,608 INFO [main] c.m.s.Application [StartupInfoLogger.java:55] Starting Application using Java 1.8.0_151 on B-T2MGMD6R-0414.local with PID 36316 (/Users/zxl/workspace/work/study/code/landing/spring-boot/target/classes started by zxl in /Users/zxl/workspace/work/study/code/landing)
2021-04-29 10:53:30,612 INFO [main] c.m.s.Application [SpringApplication.java:660] No active profile set, falling back to default profiles: default
2021-04-29 10:53:31,029 INFO [main] c.m.l.LoggerUtil [LoggerUtil.java:20] registry Brother success***************
2021-04-29 10:53:31,387 INFO [main] o.s.b.w.e.t.TomcatWebServer [TomcatWebServer.java:108] Tomcat initialized with port(s): 8080 (http)
2021-04-29 10:53:31,396 INFO [main] o.a.c.h.Http11NioProtocol [DirectJDKLog.java:173] Initializing ProtocolHandler ["http-nio-8080"]
2021-04-29 10:53:31,397 INFO [main] o.a.c.c.StandardService [DirectJDKLog.java:173] Starting service [Tomcat]
2021-04-29 10:53:31,397 INFO [main] o.a.c.c.StandardEngine [DirectJDKLog.java:173] Starting Servlet engine: [Apache Tomcat/9.0.41]
2021-04-29 10:53:31,451 INFO [main] o.a.c.c.C.[.[.[/] [DirectJDKLog.java:173] Initializing Spring embedded WebApplicationContext
2021-04-29 10:53:31,451 INFO [main] o.s.b.w.s.c.ServletWebServerApplicationContext [ServletWebServerApplicationContext.java:289] Root WebApplicationContext: initialization completed in 792 ms
2021-04-29 10:53:31,511 INFO [main] c.m.l.LoggerUtil [LoggerUtil.java:20] init method invoke name:张三 hobby:篮球|足球
2021-04-29 10:53:31,740 INFO [main] o.a.c.h.Http11NioProtocol [DirectJDKLog.java:173] Starting ProtocolHandler ["http-nio-8080"]
2021-04-29 10:53:31,768 INFO [main] o.s.b.w.e.t.TomcatWebServer [TomcatWebServer.java:220] Tomcat started on port(s): 8080 (http) with context path ''
2021-04-29 10:53:31,777 INFO [main] c.m.s.Application [StartupInfoLogger.java:61] Started Application in 1.456 seconds (JVM running for 2.159)
2021-04-29 10:53:31,779 INFO [main] c.m.l.LoggerUtil [LoggerUtil.java:20] com.myself.springboot.bean.Sister@3337d04c
