2021-05-10 18:16:42,260 WARN [main] o.s.b.StartupInfoLogger [StartupInfoLogger.java:117] InetAddress.getLocalHost().getHostName() took 5001 milliseconds to respond. Please verify your network configuration (macOS machines may need to add entries to /etc/hosts).
2021-05-10 18:16:47,273 INFO [main] c.m.s.Application [StartupInfoLogger.java:55] Starting Application using Java 1.8.0_151 on B-T2MGMD6R-0414.local with PID 60682 (/Users/zxl/workspace/work/study/code/landing/spring-boot/target/classes started by zxl in /Users/zxl/workspace/work/study/code/landing)
2021-05-10 18:16:47,273 INFO [main] c.m.s.Application [SpringApplication.java:660] No active profile set, falling back to default profiles: default
2021-05-10 18:16:47,736 INFO [main] c.m.l.LoggerUtil [LoggerUtil.java:20] registry Brother success***************
2021-05-10 18:16:48,032 INFO [main] o.s.c.s.PostProcessorRegistrationDelegate$BeanPostProcessorChecker [PostProcessorRegistrationDelegate.java:350] Bean 'commonBeanConfig' of type [com.myself.springboot.beanconfig.CommonBeanConfig$$EnhancerBySpringCGLIB$$aef73a8a] is not eligible for getting processed by all BeanPostProcessors (for example: not eligible for auto-proxying)
2021-05-10 18:16:48,337 INFO [main] o.s.b.w.e.t.TomcatWebServer [TomcatWebServer.java:108] Tomcat initialized with port(s): 8080 (http)
2021-05-10 18:16:48,347 INFO [main] o.a.c.h.Http11NioProtocol [DirectJDKLog.java:173] Initializing ProtocolHandler ["http-nio-8080"]
2021-05-10 18:16:48,348 INFO [main] o.a.c.c.StandardService [DirectJDKLog.java:173] Starting service [Tomcat]
2021-05-10 18:16:48,348 INFO [main] o.a.c.c.StandardEngine [DirectJDKLog.java:173] Starting Servlet engine: [Apache Tomcat/9.0.41]
2021-05-10 18:16:48,421 INFO [main] o.a.c.c.C.[.[.[/] [DirectJDKLog.java:173] Initializing Spring embedded WebApplicationContext
2021-05-10 18:16:48,422 INFO [main] o.s.b.w.s.c.ServletWebServerApplicationContext [ServletWebServerApplicationContext.java:289] Root WebApplicationContext: initialization completed in 1105 ms
2021-05-10 18:16:48,640 INFO [main] c.m.l.LoggerUtil [LoggerUtil.java:20] init method invoke name:张三 hobby:篮球|足球
2021-05-10 18:16:48,939 INFO [main] o.s.b.a.e.w.EndpointLinksResolver [EndpointLinksResolver.java:58] Exposing 13 endpoint(s) beneath base path '/actuator'
2021-05-10 18:16:48,963 INFO [main] o.a.c.h.Http11NioProtocol [DirectJDKLog.java:173] Starting ProtocolHandler ["http-nio-8080"]
2021-05-10 18:16:48,986 INFO [main] o.s.b.w.e.t.TomcatWebServer [TomcatWebServer.java:220] Tomcat started on port(s): 8080 (http) with context path ''
2021-05-10 18:16:48,997 INFO [main] c.m.s.Application [StartupInfoLogger.java:61] Started Application in 22.117 seconds (JVM running for 27.756)
2021-05-10 18:16:49,002 INFO [main] c.m.l.LoggerUtil [LoggerUtil.java:20] MethodInterceptor invoked ..........................say
2021-05-10 18:16:49,005 INFO [main] c.m.l.LoggerUtil [LoggerUtil.java:20] hello
2021-05-10 18:16:49,005 INFO [main] c.m.l.LoggerUtil [LoggerUtil.java:20] MethodInterceptor invoked ..........................eat
2021-05-10 18:16:49,006 INFO [main] c.m.l.LoggerUtil [LoggerUtil.java:20] eating............
2021-05-10 18:16:49,343 INFO [main] c.m.l.LoggerUtil [LoggerUtil.java:20] MethodInterceptor invoked ..........................toString
2021-05-10 19:49:06,370 INFO [main] c.m.l.LoggerUtil [LoggerUtil.java:20] MethodInterceptor invoked ..........................toString
2021-05-10 19:49:22,201 INFO [RMI TCP Connection(12)-30.37.69.31] o.a.c.c.C.[.[.[/] [DirectJDKLog.java:173] Initializing Spring DispatcherServlet 'dispatcherServlet'
2021-05-10 19:49:22,202 INFO [RMI TCP Connection(12)-30.37.69.31] o.s.w.s.DispatcherServlet [FrameworkServlet.java:525] Initializing Servlet 'dispatcherServlet'
2021-05-10 19:49:22,204 INFO [RMI TCP Connection(12)-30.37.69.31] o.s.w.s.DispatcherServlet [FrameworkServlet.java:547] Completed initialization in 1 ms
