2021-05-09 03:12:00,168 WARN [main] o.s.b.StartupInfoLogger [StartupInfoLogger.java:117] InetAddress.getLocalHost().getHostName() took 5002 milliseconds to respond. Please verify your network configuration (macOS machines may need to add entries to /etc/hosts).
2021-05-09 03:12:05,177 INFO [main] c.m.s.Application [StartupInfoLogger.java:55] Starting Application using Java 1.8.0_151 on B-T2MGMD6R-0414.local with PID 53169 (/Users/zxl/workspace/work/study/code/landing/spring-boot/target/classes started by zxl in /Users/zxl/workspace/work/study/code/landing)
2021-05-09 03:12:05,178 INFO [main] c.m.s.Application [SpringApplication.java:660] No active profile set, falling back to default profiles: default
2021-05-09 03:12:05,671 INFO [main] c.m.l.LoggerUtil [LoggerUtil.java:20] registry Brother success***************
2021-05-09 03:12:05,949 INFO [main] o.s.c.s.PostProcessorRegistrationDelegate$BeanPostProcessorChecker [PostProcessorRegistrationDelegate.java:350] Bean 'commonBeanConfig' of type [com.myself.springboot.beanconfig.CommonBeanConfig$$EnhancerBySpringCGLIB$$6ecc0ba3] is not eligible for getting processed by all BeanPostProcessors (for example: not eligible for auto-proxying)
2021-05-09 03:12:06,148 INFO [main] o.s.b.w.e.t.TomcatWebServer [TomcatWebServer.java:108] Tomcat initialized with port(s): 8080 (http)
2021-05-09 03:12:06,157 INFO [main] o.a.c.h.Http11NioProtocol [DirectJDKLog.java:173] Initializing ProtocolHandler ["http-nio-8080"]
2021-05-09 03:12:06,158 INFO [main] o.a.c.c.StandardService [DirectJDKLog.java:173] Starting service [Tomcat]
2021-05-09 03:12:06,158 INFO [main] o.a.c.c.StandardEngine [DirectJDKLog.java:173] Starting Servlet engine: [Apache Tomcat/9.0.41]
2021-05-09 03:12:06,229 INFO [main] o.a.c.c.C.[.[.[/] [DirectJDKLog.java:173] Initializing Spring embedded WebApplicationContext
2021-05-09 03:12:06,229 INFO [main] o.s.b.w.s.c.ServletWebServerApplicationContext [ServletWebServerApplicationContext.java:289] Root WebApplicationContext: initialization completed in 1003 ms
2021-05-09 03:12:06,402 INFO [main] c.m.l.LoggerUtil [LoggerUtil.java:20] init method invoke name:张三 hobby:篮球|足球
2021-05-09 03:12:10,816 INFO [main] o.s.b.a.e.w.EndpointLinksResolver [EndpointLinksResolver.java:58] Exposing 13 endpoint(s) beneath base path '/actuator'
2021-05-09 03:12:10,844 INFO [main] o.a.c.h.Http11NioProtocol [DirectJDKLog.java:173] Starting ProtocolHandler ["http-nio-8080"]
2021-05-09 03:12:10,871 INFO [main] o.s.b.w.e.t.TomcatWebServer [TomcatWebServer.java:220] Tomcat started on port(s): 8080 (http) with context path ''
2021-05-09 03:12:10,884 INFO [main] c.m.s.Application [StartupInfoLogger.java:61] Started Application in 26.097 seconds (JVM running for 32.459)
2021-05-09 03:12:10,890 INFO [main] c.m.l.LoggerUtil [LoggerUtil.java:20] MethodInterceptor invoked ..........................say
2021-05-09 03:12:10,893 INFO [main] c.m.l.LoggerUtil [LoggerUtil.java:20] hello
2021-05-09 03:12:10,894 INFO [main] c.m.l.LoggerUtil [LoggerUtil.java:20] MethodInterceptor invoked ..........................eat
2021-05-09 03:12:10,894 INFO [main] c.m.l.LoggerUtil [LoggerUtil.java:20] eating............
2021-05-09 03:12:11,279 INFO [RMI TCP Connection(6)-192.168.1.119] o.a.c.c.C.[.[.[/] [DirectJDKLog.java:173] Initializing Spring DispatcherServlet 'dispatcherServlet'
2021-05-09 03:12:11,280 INFO [RMI TCP Connection(6)-192.168.1.119] o.s.w.s.DispatcherServlet [FrameworkServlet.java:525] Initializing Servlet 'dispatcherServlet'
2021-05-09 03:12:11,281 INFO [RMI TCP Connection(6)-192.168.1.119] o.s.w.s.DispatcherServlet [FrameworkServlet.java:547] Completed initialization in 1 ms
2021-05-09 03:28:10,843 WARN [main] o.s.b.StartupInfoLogger [StartupInfoLogger.java:117] InetAddress.getLocalHost().getHostName() took 5001 milliseconds to respond. Please verify your network configuration (macOS machines may need to add entries to /etc/hosts).
2021-05-09 03:28:15,850 INFO [main] c.m.s.Application [StartupInfoLogger.java:55] Starting Application using Java 1.8.0_151 on B-T2MGMD6R-0414.local with PID 53378 (/Users/zxl/workspace/work/study/code/landing/spring-boot/target/classes started by zxl in /Users/zxl/workspace/work/study/code/landing)
2021-05-09 03:28:15,851 INFO [main] c.m.s.Application [SpringApplication.java:660] No active profile set, falling back to default profiles: default
2021-05-09 03:28:16,226 INFO [main] c.m.l.LoggerUtil [LoggerUtil.java:20] registry Brother success***************
2021-05-09 03:28:16,452 INFO [main] o.s.c.s.PostProcessorRegistrationDelegate$BeanPostProcessorChecker [PostProcessorRegistrationDelegate.java:350] Bean 'commonBeanConfig' of type [com.myself.springboot.beanconfig.CommonBeanConfig$$EnhancerBySpringCGLIB$$823e6980] is not eligible for getting processed by all BeanPostProcessors (for example: not eligible for auto-proxying)
2021-05-09 03:28:16,621 INFO [main] o.s.b.w.e.t.TomcatWebServer [TomcatWebServer.java:108] Tomcat initialized with port(s): 8080 (http)
2021-05-09 03:28:16,628 INFO [main] o.a.c.h.Http11NioProtocol [DirectJDKLog.java:173] Initializing ProtocolHandler ["http-nio-8080"]
2021-05-09 03:28:16,628 INFO [main] o.a.c.c.StandardService [DirectJDKLog.java:173] Starting service [Tomcat]
2021-05-09 03:28:16,628 INFO [main] o.a.c.c.StandardEngine [DirectJDKLog.java:173] Starting Servlet engine: [Apache Tomcat/9.0.41]
2021-05-09 03:28:16,680 INFO [main] o.a.c.c.C.[.[.[/] [DirectJDKLog.java:173] Initializing Spring embedded WebApplicationContext
2021-05-09 03:28:16,680 INFO [main] o.s.b.w.s.c.ServletWebServerApplicationContext [ServletWebServerApplicationContext.java:289] Root WebApplicationContext: initialization completed in 791 ms
2021-05-09 03:28:16,815 INFO [main] c.m.l.LoggerUtil [LoggerUtil.java:20] init method invoke name:张三 hobby:篮球|足球
2021-05-09 03:28:17,063 INFO [main] o.s.b.a.e.w.EndpointLinksResolver [EndpointLinksResolver.java:58] Exposing 13 endpoint(s) beneath base path '/actuator'
2021-05-09 03:28:17,084 INFO [main] o.a.c.h.Http11NioProtocol [DirectJDKLog.java:173] Starting ProtocolHandler ["http-nio-8080"]
2021-05-09 03:28:17,105 INFO [main] o.s.b.w.e.t.TomcatWebServer [TomcatWebServer.java:220] Tomcat started on port(s): 8080 (http) with context path ''
2021-05-09 03:28:17,116 INFO [main] c.m.s.Application [StartupInfoLogger.java:61] Started Application in 21.572 seconds (JVM running for 27.227)
2021-05-09 03:28:17,120 INFO [main] c.m.l.LoggerUtil [LoggerUtil.java:20] MethodInterceptor invoked ..........................say
2021-05-09 03:28:17,123 INFO [main] c.m.l.LoggerUtil [LoggerUtil.java:20] hello
2021-05-09 03:28:17,123 INFO [main] c.m.l.LoggerUtil [LoggerUtil.java:20] MethodInterceptor invoked ..........................eat
2021-05-09 03:28:17,124 INFO [main] c.m.l.LoggerUtil [LoggerUtil.java:20] eating............
2021-05-09 03:28:17,362 INFO [RMI TCP Connection(3)-192.168.1.119] o.a.c.c.C.[.[.[/] [DirectJDKLog.java:173] Initializing Spring DispatcherServlet 'dispatcherServlet'
2021-05-09 03:28:17,363 INFO [RMI TCP Connection(3)-192.168.1.119] o.s.w.s.DispatcherServlet [FrameworkServlet.java:525] Initializing Servlet 'dispatcherServlet'
2021-05-09 03:28:17,364 INFO [RMI TCP Connection(3)-192.168.1.119] o.s.w.s.DispatcherServlet [FrameworkServlet.java:547] Completed initialization in 1 ms
