2021-04-27 21:52:05,503 INFO [main] o.s.b.t.c.SpringBootTestContextBootstrapper [AbstractTestContextBootstrapper.java:305] Neither @ContextConfiguration nor @ContextHierarchy found for test class [com.myself.jpa.DeptServiceTest], using SpringBootContextLoader
2021-04-27 21:52:05,509 INFO [main] o.s.t.c.s.AbstractContextLoader [AbstractContextLoader.java:264] Could not detect default resource locations for test class [com.myself.jpa.DeptServiceTest]: no resource found for suffixes {-context.xml, Context.groovy}.
2021-04-27 21:52:05,695 INFO [main] o.s.b.t.c.SpringBootTestContextBootstrapper [AbstractTestContextBootstrapper.java:245] Loaded default TestExecutionListener class names from location [META-INF/spring.factories]: [org.springframework.boot.test.mock.mockito.MockitoTestExecutionListener, org.springframework.boot.test.mock.mockito.ResetMocksTestExecutionListener, org.springframework.boot.test.autoconfigure.restdocs.RestDocsTestExecutionListener, org.springframework.boot.test.autoconfigure.web.client.MockRestServiceServerResetTestExecutionListener, org.springframework.boot.test.autoconfigure.web.servlet.MockMvcPrintOnlyOnFailureTestExecutionListener, org.springframework.boot.test.autoconfigure.web.servlet.WebDriverTestExecutionListener, org.springframework.boot.test.autoconfigure.webservices.client.MockWebServiceServerTestExecutionListener, org.springframework.test.context.web.ServletTestExecutionListener, org.springframework.test.context.support.DirtiesContextBeforeModesTestExecutionListener, org.springframework.test.context.event.ApplicationEventsTestExecutionListener, org.springframework.test.context.support.DependencyInjectionTestExecutionListener, org.springframework.test.context.support.DirtiesContextTestExecutionListener, org.springframework.test.context.transaction.TransactionalTestExecutionListener, org.springframework.test.context.jdbc.SqlScriptsTestExecutionListener, org.springframework.test.context.event.EventPublishingTestExecutionListener]
2021-04-27 21:52:05,709 INFO [main] o.s.b.t.c.SpringBootTestContextBootstrapper [AbstractTestContextBootstrapper.java:174] Using TestExecutionListeners: [org.springframework.test.context.support.DirtiesContextBeforeModesTestExecutionListener@222eb8aa, org.springframework.test.context.event.ApplicationEventsTestExecutionListener@93cf163, org.springframework.boot.test.mock.mockito.MockitoTestExecutionListener@1852a3ff, org.springframework.boot.test.autoconfigure.SpringBootDependencyInjectionTestExecutionListener@7203c7ff, org.springframework.test.context.support.DirtiesContextTestExecutionListener@25bfcafd, org.springframework.test.context.transaction.TransactionalTestExecutionListener@4b6690c0, org.springframework.test.context.jdbc.SqlScriptsTestExecutionListener@46268f08, org.springframework.test.context.event.EventPublishingTestExecutionListener@2a76840c, org.springframework.boot.test.mock.mockito.ResetMocksTestExecutionListener@71454b9d, org.springframework.boot.test.autoconfigure.restdocs.RestDocsTestExecutionListener@eda25e5, org.springframework.boot.test.autoconfigure.web.client.MockRestServiceServerResetTestExecutionListener@7cf6a5f9, org.springframework.boot.test.autoconfigure.web.servlet.MockMvcPrintOnlyOnFailureTestExecutionListener@623e088f, org.springframework.boot.test.autoconfigure.web.servlet.WebDriverTestExecutionListener@39fcbef6, org.springframework.boot.test.autoconfigure.webservices.client.MockWebServiceServerTestExecutionListener@66565121]
2021-04-27 21:52:21,031 WARN [main] o.s.b.StartupInfoLogger [StartupInfoLogger.java:117] InetAddress.getLocalHost().getHostName() took 5005 milliseconds to respond. Please verify your network configuration (macOS machines may need to add entries to /etc/hosts).
2021-04-27 21:52:26,040 INFO [main] c.m.j.DeptServiceTest [StartupInfoLogger.java:55] Starting DeptServiceTest using Java 1.8.0_151 on B-T2MGMD6R-0414.local with PID 19560 (started by zxl in /Users/zxl/workspace/work/study/code/landing/spring-data-jpa)
2021-04-27 21:52:26,042 INFO [main] c.m.j.DeptServiceTest [SpringApplication.java:660] No active profile set, falling back to default profiles: default
2021-04-27 21:52:26,427 INFO [main] o.s.d.r.c.RepositoryConfigurationDelegate [RepositoryConfigurationDelegate.java:128] Bootstrapping Spring Data JPA repositories in DEFAULT mode.
2021-04-27 21:52:26,514 INFO [main] o.s.d.r.c.RepositoryConfigurationDelegate [RepositoryConfigurationDelegate.java:188] Finished Spring Data repository scanning in 79 ms. Found 2 JPA repository interfaces.
2021-04-27 21:52:26,952 INFO [main] c.z.h.HikariDataSource [HikariDataSource.java:110] HikariPool-1 - Starting...
2021-04-27 21:52:27,498 INFO [main] c.z.h.HikariDataSource [HikariDataSource.java:123] HikariPool-1 - Start completed.
2021-04-27 21:52:27,562 INFO [main] o.h.j.i.u.LogHelper [LogHelper.java:31] HHH000204: Processing PersistenceUnitInfo [name: default]
2021-04-27 21:52:27,635 INFO [main] o.h.Version [Version.java:44] HHH000412: Hibernate ORM core version 5.4.27.Final
2021-04-27 21:52:27,786 INFO [main] o.h.a.c.Version [JavaReflectionManager.java:56] HCANN000001: Hibernate Commons Annotations {5.1.2.Final}
2021-04-27 21:52:27,976 INFO [main] o.h.d.Dialect [Dialect.java:175] HHH000400: Using dialect: org.hibernate.dialect.MySQL8Dialect
2021-04-27 21:52:28,607 INFO [main] o.h.e.t.j.p.i.JtaPlatformInitiator [JtaPlatformInitiator.java:52] HHH000490: Using JtaPlatform implementation: [org.hibernate.engine.transaction.jta.platform.internal.NoJtaPlatform]
2021-04-27 21:52:28,630 INFO [main] o.s.o.j.LocalContainerEntityManagerFactoryBean [AbstractEntityManagerFactoryBean.java:437] Initialized JPA EntityManagerFactory for persistence unit 'default'
2021-04-27 21:52:29,087 INFO [main] c.m.j.DeptServiceTest [StartupInfoLogger.java:61] Started DeptServiceTest in 23.322 seconds (JVM running for 24.282)
2021-04-27 21:53:47,491 INFO [main] c.m.l.LoggerUtil [LoggerUtil.java:20] insert result is :true
2021-04-27 21:53:47,506 INFO [SpringContextShutdownHook] o.s.o.j.LocalContainerEntityManagerFactoryBean [AbstractEntityManagerFactoryBean.java:651] Closing JPA EntityManagerFactory for persistence unit 'default'
2021-04-27 21:53:47,510 INFO [SpringContextShutdownHook] c.z.h.HikariDataSource [HikariDataSource.java:350] HikariPool-1 - Shutdown initiated...
2021-04-27 21:53:47,531 INFO [SpringContextShutdownHook] c.z.h.HikariDataSource [HikariDataSource.java:352] HikariPool-1 - Shutdown completed.
2021-04-27 21:56:20,584 INFO [main] o.s.b.t.c.SpringBootTestContextBootstrapper [AbstractTestContextBootstrapper.java:305] Neither @ContextConfiguration nor @ContextHierarchy found for test class [com.myself.jpa.DeptServiceTest], using SpringBootContextLoader
2021-04-27 21:56:20,590 INFO [main] o.s.t.c.s.AbstractContextLoader [AbstractContextLoader.java:264] Could not detect default resource locations for test class [com.myself.jpa.DeptServiceTest]: no resource found for suffixes {-context.xml, Context.groovy}.
2021-04-27 21:56:20,776 INFO [main] o.s.b.t.c.SpringBootTestContextBootstrapper [AbstractTestContextBootstrapper.java:245] Loaded default TestExecutionListener class names from location [META-INF/spring.factories]: [org.springframework.boot.test.mock.mockito.MockitoTestExecutionListener, org.springframework.boot.test.mock.mockito.ResetMocksTestExecutionListener, org.springframework.boot.test.autoconfigure.restdocs.RestDocsTestExecutionListener, org.springframework.boot.test.autoconfigure.web.client.MockRestServiceServerResetTestExecutionListener, org.springframework.boot.test.autoconfigure.web.servlet.MockMvcPrintOnlyOnFailureTestExecutionListener, org.springframework.boot.test.autoconfigure.web.servlet.WebDriverTestExecutionListener, org.springframework.boot.test.autoconfigure.webservices.client.MockWebServiceServerTestExecutionListener, org.springframework.test.context.web.ServletTestExecutionListener, org.springframework.test.context.support.DirtiesContextBeforeModesTestExecutionListener, org.springframework.test.context.event.ApplicationEventsTestExecutionListener, org.springframework.test.context.support.DependencyInjectionTestExecutionListener, org.springframework.test.context.support.DirtiesContextTestExecutionListener, org.springframework.test.context.transaction.TransactionalTestExecutionListener, org.springframework.test.context.jdbc.SqlScriptsTestExecutionListener, org.springframework.test.context.event.EventPublishingTestExecutionListener]
2021-04-27 21:56:20,798 INFO [main] o.s.b.t.c.SpringBootTestContextBootstrapper [AbstractTestContextBootstrapper.java:174] Using TestExecutionListeners: [org.springframework.test.context.support.DirtiesContextBeforeModesTestExecutionListener@222eb8aa, org.springframework.test.context.event.ApplicationEventsTestExecutionListener@93cf163, org.springframework.boot.test.mock.mockito.MockitoTestExecutionListener@1852a3ff, org.springframework.boot.test.autoconfigure.SpringBootDependencyInjectionTestExecutionListener@7203c7ff, org.springframework.test.context.support.DirtiesContextTestExecutionListener@25bfcafd, org.springframework.test.context.transaction.TransactionalTestExecutionListener@4b6690c0, org.springframework.test.context.jdbc.SqlScriptsTestExecutionListener@46268f08, org.springframework.test.context.event.EventPublishingTestExecutionListener@2a76840c, org.springframework.boot.test.mock.mockito.ResetMocksTestExecutionListener@71454b9d, org.springframework.boot.test.autoconfigure.restdocs.RestDocsTestExecutionListener@eda25e5, org.springframework.boot.test.autoconfigure.web.client.MockRestServiceServerResetTestExecutionListener@7cf6a5f9, org.springframework.boot.test.autoconfigure.web.servlet.MockMvcPrintOnlyOnFailureTestExecutionListener@623e088f, org.springframework.boot.test.autoconfigure.web.servlet.WebDriverTestExecutionListener@39fcbef6, org.springframework.boot.test.autoconfigure.webservices.client.MockWebServiceServerTestExecutionListener@66565121]
2021-04-27 21:56:40,035 WARN [main] o.s.b.StartupInfoLogger [StartupInfoLogger.java:117] InetAddress.getLocalHost().getHostName() took 5003 milliseconds to respond. Please verify your network configuration (macOS machines may need to add entries to /etc/hosts).
2021-04-27 21:56:45,041 INFO [main] c.m.j.DeptServiceTest [StartupInfoLogger.java:55] Starting DeptServiceTest using Java 1.8.0_151 on B-T2MGMD6R-0414.local with PID 19608 (started by zxl in /Users/zxl/workspace/work/study/code/landing/spring-data-jpa)
2021-04-27 21:56:45,044 INFO [main] c.m.j.DeptServiceTest [SpringApplication.java:660] No active profile set, falling back to default profiles: default
2021-04-27 21:56:45,476 INFO [main] o.s.d.r.c.RepositoryConfigurationDelegate [RepositoryConfigurationDelegate.java:128] Bootstrapping Spring Data JPA repositories in DEFAULT mode.
2021-04-27 21:56:45,572 INFO [main] o.s.d.r.c.RepositoryConfigurationDelegate [RepositoryConfigurationDelegate.java:188] Finished Spring Data repository scanning in 87 ms. Found 2 JPA repository interfaces.
2021-04-27 21:56:46,092 INFO [main] c.z.h.HikariDataSource [HikariDataSource.java:110] HikariPool-1 - Starting...
2021-04-27 21:56:47,039 INFO [main] c.z.h.HikariDataSource [HikariDataSource.java:123] HikariPool-1 - Start completed.
2021-04-27 21:56:47,107 INFO [main] o.h.j.i.u.LogHelper [LogHelper.java:31] HHH000204: Processing PersistenceUnitInfo [name: default]
2021-04-27 21:56:47,191 INFO [main] o.h.Version [Version.java:44] HHH000412: Hibernate ORM core version 5.4.27.Final
2021-04-27 21:56:47,383 INFO [main] o.h.a.c.Version [JavaReflectionManager.java:56] HCANN000001: Hibernate Commons Annotations {5.1.2.Final}
2021-04-27 21:56:47,608 INFO [main] o.h.d.Dialect [Dialect.java:175] HHH000400: Using dialect: org.hibernate.dialect.MySQL8Dialect
2021-04-27 21:56:48,373 INFO [main] o.h.e.t.j.p.i.JtaPlatformInitiator [JtaPlatformInitiator.java:52] HHH000490: Using JtaPlatform implementation: [org.hibernate.engine.transaction.jta.platform.internal.NoJtaPlatform]
2021-04-27 21:56:48,384 INFO [main] o.s.o.j.LocalContainerEntityManagerFactoryBean [AbstractEntityManagerFactoryBean.java:437] Initialized JPA EntityManagerFactory for persistence unit 'default'
2021-04-27 21:56:48,917 INFO [main] c.m.j.DeptServiceTest [StartupInfoLogger.java:61] Started DeptServiceTest in 28.042 seconds (JVM running for 29.132)
2021-04-27 21:56:52,273 INFO [SpringContextShutdownHook] o.s.o.j.LocalContainerEntityManagerFactoryBean [AbstractEntityManagerFactoryBean.java:651] Closing JPA EntityManagerFactory for persistence unit 'default'
2021-04-27 21:56:52,278 INFO [SpringContextShutdownHook] c.z.h.HikariDataSource [HikariDataSource.java:350] HikariPool-1 - Shutdown initiated...
2021-04-27 21:56:52,283 INFO [main] c.m.l.LoggerUtil [LoggerUtil.java:20] insert result is :true
2021-04-27 21:56:52,299 INFO [SpringContextShutdownHook] c.z.h.HikariDataSource [HikariDataSource.java:352] HikariPool-1 - Shutdown completed.
