2021-04-29 21:48:46,001 INFO [main] c.m.l.LoggerUtil [LoggerUtil.java:20] ConsumerPlugin
2021-04-29 21:48:46,635 INFO [main] c.m.l.LoggerUtil [LoggerUtil.java:20] 
Dept(id=1, deptName=部门1, deptDesc=部门1描述, deptNo=1, createTime=Tue Apr 27 13:00:00 CST 2021, employees=[Employee(id=1, lastName=mike_6, gender=0, email=163@qq.com, deptNo=1)])
Dept(id=2, deptName=部门1, deptDesc=部门1描述, deptNo=1, createTime=Tue Apr 27 13:00:00 CST 2021, employees=[Employee(id=2, lastName=mike_6, gender=0, email=163@qq.com, deptNo=1)])
Dept(id=3, deptName=部门4, deptDesc=部门4描述, deptNo=4, createTime=Tue Apr 27 13:00:00 CST 2021, employees=[Employee(id=3, lastName=mike_3, gender=0, email=163@qq.com, deptNo=4)])
Dept(id=4, deptName=部门4, deptDesc=部门4描述, deptNo=4, createTime=Tue Apr 27 13:00:00 CST 2021, employees=[Employee(id=4, lastName=mike_3, gender=0, email=163@qq.com, deptNo=4)])
Dept(id=5, deptName=部门4, deptDesc=部门4描述, deptNo=4, createTime=Tue Apr 27 13:00:00 CST 2021, employees=[Employee(id=5, lastName=mike_3, gender=0, email=163@qq.com, deptNo=4)])
Dept(id=6, deptName=部门2, deptDesc=部门2描述, deptNo=2, createTime=Tue Apr 27 13:00:00 CST 2021, employees=[Employee(id=6, lastName=mike_8, gender=0, email=163@qq.com, deptNo=2)])
Dept(id=7, deptName=部门3, deptDesc=部门3描述, deptNo=3, createTime=Tue Apr 27 13:00:00 CST 2021, employees=[Employee(id=7, lastName=mike_5, gender=0, email=163@qq.com, deptNo=3)])
Dept(id=8, deptName=部门3, deptDesc=部门3描述, deptNo=3, createTime=Tue Apr 27 13:00:00 CST 2021, employees=[Employee(id=8, lastName=mike_5, gender=0, email=163@qq.com, deptNo=3)])
Dept(id=9, deptName=部门3, deptDesc=部门3描述, deptNo=3, createTime=Tue Apr 27 13:00:00 CST 2021, employees=[Employee(id=9, lastName=mike_5, gender=0, email=163@qq.com, deptNo=3)])
Dept(id=10, deptName=部门0, deptDesc=部门0描述, deptNo=0, createTime=Tue Apr 27 13:00:00 CST 2021, employees=[Employee(id=10, lastName=mike_9, gender=0, email=163@qq.com, deptNo=0)])
Dept(id=11, deptName=this is a test, deptDesc=this is a test description, deptNo=1, createTime=null, employees=[Employee(id=11, lastName=mike_6, gender=0, email=163@qq.com, deptNo=1)])
Dept(id=12, deptName=this is a test, deptDesc=this is a test description, deptNo=1, createTime=Tue Apr 27 13:00:00 CST 2021, employees=[Employee(id=12, lastName=mike_6, gender=0, email=163@qq.com, deptNo=1)])
Dept(id=13, deptName=this is a test, deptDesc=this is a test description, deptNo=1, createTime=Tue Apr 27 13:00:00 CST 2021, employees=[Employee(id=13, lastName=mike_6, gender=0, email=163@qq.com, deptNo=1)])
Dept(id=14, deptName=this is a test, deptDesc=this is a test description, deptNo=1, createTime=Tue Apr 27 13:00:00 CST 2021, employees=[Employee(id=14, lastName=mike_6, gender=0, email=163@qq.com, deptNo=1)])
Dept(id=15, deptName=this is a test, deptDesc=this is a test description, deptNo=1, createTime=Tue Apr 27 13:00:00 CST 2021, employees=[Employee(id=15, lastName=mike_6, gender=0, email=163@qq.com, deptNo=1)])
Dept(id=16, deptName=this is a test, deptDesc=this is a test description, deptNo=1, createTime=Tue Apr 27 13:00:00 CST 2021, employees=[Employee(id=16, lastName=mike_6, gender=0, email=163@qq.com, deptNo=1)])
2021-04-29 21:48:46,682 INFO [main] c.m.l.LoggerUtil [LoggerUtil.java:20] ConsumerPlugin
2021-04-29 21:48:46,838 INFO [main] c.m.l.LoggerUtil [LoggerUtil.java:20] 10
2021-04-29 21:48:46,906 INFO [main] c.m.l.LoggerUtil [LoggerUtil.java:20] ConsumerPlugin
2021-04-29 21:48:47,092 INFO [main] c.m.l.LoggerUtil [LoggerUtil.java:20] 1
2021-04-29 21:48:47,158 INFO [main] c.m.l.LoggerUtil [LoggerUtil.java:20] ConsumerPlugin
2021-04-29 21:48:47,424 INFO [main] c.m.l.LoggerUtil [LoggerUtil.java:20] ConsumerPlugin
2021-04-29 21:48:47,598 INFO [main] c.m.l.LoggerUtil [LoggerUtil.java:20] 
Employee(id=1, lastName=mike_0, gender=0, email=163@qq.com, deptNo=1)
2021-04-29 21:48:47,599 WARN [main] c.m.l.LoggerUtil [LoggerUtil.java:34] Employee(id=1, lastName=mike_0, gender=0, email=163@qq.com, deptNo=1)
2021-04-29 21:48:47,639 INFO [main] c.m.l.LoggerUtil [LoggerUtil.java:20] ConsumerPlugin
2021-04-29 21:48:47,866 INFO [main] c.m.l.LoggerUtil [LoggerUtil.java:20] ConsumerPlugin
2021-04-29 21:48:48,009 INFO [main] c.m.l.LoggerUtil [LoggerUtil.java:20] 1
2021-04-29 21:48:48,031 WARN [main] c.m.l.LoggerUtil [LoggerUtil.java:34] 1
2021-04-29 21:48:48,066 INFO [main] c.m.l.LoggerUtil [LoggerUtil.java:20] ConsumerPlugin
2021-04-29 21:48:48,238 INFO [main] c.m.l.LoggerUtil [LoggerUtil.java:20] 1
2021-04-29 21:48:48,292 INFO [main] c.m.l.LoggerUtil [LoggerUtil.java:20] ConsumerPlugin
2021-04-29 21:48:48,451 INFO [main] c.m.l.LoggerUtil [LoggerUtil.java:20] 

2021-04-29 21:48:48,482 INFO [main] c.m.l.LoggerUtil [LoggerUtil.java:20] ConsumerPlugin
2021-04-29 21:48:48,615 INFO [main] c.m.l.LoggerUtil [LoggerUtil.java:20] 10
2021-04-29 21:48:48,681 INFO [main] c.m.l.LoggerUtil [LoggerUtil.java:20] ConsumerPlugin
2021-04-29 21:48:48,887 INFO [main] c.m.l.LoggerUtil [LoggerUtil.java:20] ConsumerPlugin
2021-04-29 21:48:49,031 INFO [main] c.m.l.LoggerUtil [LoggerUtil.java:20] 1
2021-04-29 21:48:49,080 INFO [main] c.m.l.LoggerUtil [LoggerUtil.java:20] ConsumerPlugin
2021-04-29 21:48:49,230 INFO [main] c.m.l.LoggerUtil [LoggerUtil.java:20] 
Employee(id=1, lastName=mike_0, gender=0, email=163@qq.com, deptNo=1)
Employee(id=2, lastName=mike_1, gender=0, email=163@qq.com, deptNo=2)
Employee(id=3, lastName=mike_2, gender=0, email=163@qq.com, deptNo=1)
Employee(id=4, lastName=mike_3, gender=0, email=163@qq.com, deptNo=4)
Employee(id=5, lastName=mike_4, gender=0, email=163@qq.com, deptNo=1)
Employee(id=6, lastName=james_1, gender=1, email=link@qq.com, deptNo=2)
Employee(id=9, lastName=mike_8, gender=0, email=163@qq.com, deptNo=2)
Employee(id=10, lastName=mike_9, gender=0, email=163@qq.com, deptNo=0)
Employee(id=11, lastName=mike_0, gender=0, email=163@qq.com, deptNo=1)
Employee(id=12, lastName=mike_1, gender=0, email=163@qq.com, deptNo=4)
